<?xml version="1.0" encoding="UTF-8"?>
<testsuite name="AddUserTest" tests="1" skipped="0" failures="0" errors="0" timestamp="2020-10-05T06:08:26" hostname="LENOVO-PC" time="27.231">
  <properties/>
  <testcase name="testCase" classname="AddUserTest" time="27.231"/>
  <system-out><![CDATA[]]></system-out>
  <system-err><![CDATA[SLF4J: Failed to load class "org.slf4j.impl.StaticLoggerBinder".
SLF4J: Defaulting to no-operation (NOP) logger implementation
SLF4J: See http://www.slf4j.org/codes.html#StaticLoggerBinder for further details.
1601878108928	geckodriver	INFO	Listening on 127.0.0.1:11972
1601878111667	mozrunner::runner	INFO	Running command: "C:\\Program Files\\Mozilla Firefox\\firefox.exe" "--marionette" "-foreground" "-no-remote" "-profile" "C:\\Users\\PC\\AppData\\Local\\Temp\\rust_mozprofilelfScRz"
JavaScript error: resource://gre/modules/XULStore.jsm, line 66: Error: Can't find profile directory.
console.error: SearchCache: "_readCacheFile: Error reading cache file:" (new Error("", "(unknown module)"))
1601878116543	Marionette	INFO	Listening on port 56133
1601878116985	Marionette	WARN	TLS certificate errors will be ignored for this session
окт 05, 2020 9:08:37 AM org.openqa.selenium.remote.ProtocolHandshake createSession
INFO: Detected dialect: W3C
1601878131680	Marionette	INFO	Stopped listening on port 56133

###!!! [Child][RunMessage] Error: Channel closing: too late to send/recv, messages will be lost


###!!! [Child][MessageChannel::SendAndWait] Error: Channel error: cannot send/recv

]]></system-err>
</testsuite>
